  Source.cpp
d:\5 сем\курсач\autoclicker\autoclicker\source.cpp(159): warning C4311: приведение типов: усечение указателя из "_Ty" в "DWORD"
          with
          [
              _Ty=char *
          ]
d:\5 сем\курсач\autoclicker\autoclicker\source.cpp(159): warning C4302: приведение типов: усечение из "_Ty" к "DWORD"
          with
          [
              _Ty=char *
          ]
d:\5 сем\курсач\autoclicker\autoclicker\source.cpp(294): warning C4311: приведение типов: усечение указателя из "_Ty" в "DWORD"
          with
          [
              _Ty=HWND
          ]
d:\5 сем\курсач\autoclicker\autoclicker\source.cpp(294): warning C4302: приведение типов: усечение из "_Ty" к "DWORD"
          with
          [
              _Ty=HWND
          ]
d:\5 сем\курсач\autoclicker\autoclicker\source.cpp(318): warning C4244: инициализация: преобразование "LRESULT" в "int", возможна потеря данных
d:\5 сем\курсач\autoclicker\autoclicker\source.cpp(347): warning C4244: инициализация: преобразование "LRESULT" в "int", возможна потеря данных
d:\5 сем\курсач\autoclicker\autoclicker\source.cpp(348): warning C4244: аргумент: преобразование "float" в "BYTE", возможна потеря данных
d:\5 сем\курсач\autoclicker\autoclicker\source.cpp(422): warning C4311: приведение типов: усечение указателя из "HWND" в "DWORD"
d:\5 сем\курсач\autoclicker\autoclicker\source.cpp(422): warning C4302: приведение типов: усечение из "HWND" к "DWORD"
d:\5 сем\курсач\autoclicker\autoclicker\source.cpp(435): warning C4267: инициализация: преобразование из "size_t" в "int"; возможна потеря данных
d:\5 сем\курсач\autoclicker\autoclicker\source.cpp(440): warning C4267: инициализация: преобразование из "size_t" в "int"; возможна потеря данных
d:\5 сем\курсач\autoclicker\autoclicker\source.cpp(500): warning C4244: инициализация: преобразование "LRESULT" в "int", возможна потеря данных
d:\5 сем\курсач\autoclicker\autoclicker\source.cpp(512): warning C4244: инициализация: преобразование "LRESULT" в "int", возможна потеря данных
d:\5 сем\курсач\autoclicker\autoclicker\source.cpp(539): warning C4244: =: преобразование "_Rep" в "DWORD", возможна потеря данных
          with
          [
              _Rep=__int64
          ]
d:\5 сем\курсач\autoclicker\autoclicker\source.cpp(590): warning C4805: ==: небезопасное смешение типа "BOOL" и типа "bool" в операции
d:\5 сем\курсач\autoclicker\autoclicker\source.cpp(615): warning C4244: =: преобразование "_Rep" в "DWORD", возможна потеря данных
          with
          [
              _Rep=__int64
          ]
d:\5 сем\курсач\autoclicker\autoclicker\source.cpp(624): warning C4244: =: преобразование "_Rep" в "DWORD", возможна потеря данных
          with
          [
              _Rep=__int64
          ]
d:\5 сем\курсач\autoclicker\autoclicker\source.cpp(631): warning C4244: =: преобразование "_Rep" в "DWORD", возможна потеря данных
          with
          [
              _Rep=__int64
          ]
d:\5 сем\курсач\autoclicker\autoclicker\source.cpp(638): warning C4244: =: преобразование "_Rep" в "DWORD", возможна потеря данных
          with
          [
              _Rep=__int64
          ]
d:\5 сем\курсач\autoclicker\autoclicker\source.cpp(645): warning C4244: =: преобразование "_Rep" в "DWORD", возможна потеря данных
          with
          [
              _Rep=__int64
          ]
  Autoclicker.vcxproj -> D:\5 сем\Курсач\Autoclicker\x64\Debug\Autoclicker.exe
